<?xml version="1.0" encoding="UTF-8"?>
<!-- Generated by org.testng.reporters.JUnitXMLReporter -->
<testsuite ignored="0" hostname="SEB-DEANAS-LPT" failures="0" tests="3" name="Default test" time="12.671" errors="0" timestamp="2026-05-05T09:12:16 SAST">
  <testcase classname="api.test.testApi" name="emsVendTest" time="7.945"/>
  <testcase classname="api.test.testApi" name="confirmTransactionTest" time="0.51"/>
  <testcase classname="api.test.testApi" name="cancelTransaction" time="3.756"/>
</testsuite> <!-- Default test -->
