<?xml version="1.0" encoding="UTF-8"?>
<!-- Generated by org.testng.reporters.JUnitXMLReporter -->
<testsuite ignored="0" hostname="SEB-DEANAS-LPT" failures="0" tests="3" name="Default test" time="15.387" errors="0" timestamp="2026-05-19T09:00:27 SAST">
  <testcase classname="api.test.testApi" name="emsVendTest" time="13.555"/>
  <testcase classname="api.test.testApi" name="confirmTransactionTest" time="0.32"/>
  <testcase classname="api.test.testApi" name="cancelTransaction" time="0.238"/>
</testsuite> <!-- Default test -->
