<?xml version="1.0" encoding="UTF-8"?>
<!-- Generated by org.testng.reporters.JUnitXMLReporter -->
<testsuite ignored="0" hostname="SEB-DEANAS-LPT" failures="0" tests="3" name="Test" time="8.682" errors="0" timestamp="2026-05-19T10:22:44 SAST">
  <testcase classname="api.test.testApi" name="emsVendTest" time="7.612"/>
  <testcase classname="api.test.testApi" name="confirmTransactionTest" time="0.208"/>
  <testcase classname="api.test.testApi" name="cancelTransaction" time="0.219"/>
</testsuite> <!-- Test -->
