<?xml version="1.0" encoding="UTF-8"?>
<!-- Generated by org.testng.reporters.JUnitReportReporter -->
<testsuite hostname="SEB-DEANAS-LPT" failures="0" tests="3" name="api.test.testApi" time="8.039" errors="0" timestamp="2026-05-19T10:22:44 SAST" skipped="0">
  <testcase classname="api.test.testApi" name="confirmTransactionTest" time="0.208"/>
  <testcase classname="api.test.testApi" name="emsVendTest" time="7.612"/>
  <testcase classname="api.test.testApi" name="cancelTransaction" time="0.219"/>
</testsuite> <!-- api.test.testApi -->
