<?xml version="1.0" encoding="UTF-8"?>
<!-- Generated by org.testng.reporters.JUnitReportReporter -->
<testsuite hostname="SEB-DEANAS-LPT" failures="0" tests="3" name="api.test.testApi" time="12.211" errors="0" timestamp="2026-05-05T09:12:16 SAST" skipped="0">
  <testcase classname="api.test.testApi" name="confirmTransactionTest" time="0.510"/>
  <testcase classname="api.test.testApi" name="cancelTransaction" time="3.756"/>
  <testcase classname="api.test.testApi" name="emsVendTest" time="7.945"/>
</testsuite> <!-- api.test.testApi -->
